<?xml version="1.0" encoding="UTF-8"?>
<!-- Generated by org.testng.reporters.JUnitXMLReporter -->
<testsuite ignored="0" hostname="LAPTOP-RT2GVEB6" failures="0" tests="6" name="Default test" time="5.122" errors="0" timestamp="2021-09-16T16:36:47 IST">
  <testcase classname="se6.KeyRunner" name="excelKeyRunner" time="0.005"/>
  <testcase classname="se6.KeyRunner" name="excelKeyRunner" time="0.001"/>
  <testcase classname="se6.KeyRunner" name="excelKeyRunner" time="0.001"/>
  <testcase classname="se6.KeyRunner" name="excelKeyRunner" time="0.001"/>
  <testcase classname="se6.KeyRunner" name="excelKeyRunner" time="0.001"/>
  <testcase classname="se6.KeyRunner" name="excelKeyRunner" time="0.001"/>
</testsuite> <!-- Default test -->
