<?xml version="1.0" encoding="UTF-8"?>
<!-- Generated by org.testng.reporters.JUnitXMLReporter -->
<testsuite ignored="0" hostname="LAPTOP-RT2GVEB6" failures="1" tests="2" name="Google Test" time="8.63" errors="0" timestamp="2021-09-14T16:57:31 IST">
  <testcase classname="se4.FirstScriptNG" name="googleTitleTest" time="2.265">
    <failure type="java.lang.AssertionError" message="expected [Google ] but found [Google]">
      <![CDATA[java.lang.AssertionError: expected [Google ] but found [Google]
at se4.FirstScriptNG.googleTitleTest(FirstScriptNG.java:28)
at java.base/java.util.ArrayList.forEach(ArrayList.java:1507)
at java.base/java.util.concurrent.FutureTask.run(FutureTask.java:264)
at java.base/java.util.concurrent.ThreadPoolExecutor.runWorker(ThreadPoolExecutor.java:1128)
at java.base/java.util.concurrent.ThreadPoolExecutor$Worker.run(ThreadPoolExecutor.java:628)
at java.base/java.lang.Thread.run(Thread.java:830)
... Removed 24 stack frames]]>
    </failure>
  </testcase> <!-- googleTitleTest -->
  <testcase classname="se4.FirstScriptNG" name="googleSearchTest" time="1.697"/>
</testsuite> <!-- Google Test -->
