<?xml version="1.0" encoding="UTF-8"?>
<testng-results ignored="0" total="6" passed="6" failed="0" skipped="0">
  <reporter-output>
  </reporter-output>
  <suite started-at="2021-09-16T16:36:42 IST" name="Default suite" finished-at="2021-09-16T16:36:47 IST" duration-ms="5122">
    <groups>
    </groups>
    <test started-at="2021-09-16T16:36:42 IST" name="Default test" finished-at="2021-09-16T16:36:47 IST" duration-ms="5122">
      <class name="se6.KeyRunner">
        <test-method is-config="true" signature="beforeTest()[pri:0, instance:se6.KeyRunner@3c130745]" started-at="2021-09-16T16:36:42 IST" name="beforeTest" finished-at="2021-09-16T16:36:43 IST" duration-ms="1774" status="PASS">
          <reporter-output>
          </reporter-output>
        </test-method> <!-- beforeTest -->
        <test-method signature="excelKeyRunner(java.lang.String,java.lang.String,java.lang.String,java.lang.String)[pri:0, instance:se6.KeyRunner@3c130745]" started-at="2021-09-16T16:36:44 IST" name="excelKeyRunner" data-provider="dp" finished-at="2021-09-16T16:36:44 IST" duration-ms="5" status="PASS">
          <params>
            <param index="0">
              <value>
                <![CDATA[getURL]]>
              </value>
            </param>
            <param index="1">
              <value>
                <![CDATA[NA]]>
              </value>
            </param>
            <param index="2">
              <value>
                <![CDATA[NA]]>
              </value>
            </param>
            <param index="3">
              <value>
                <![CDATA[http://blazedemo.com]]>
              </value>
            </param>
          </params>
          <reporter-output>
          </reporter-output>
        </test-method> <!-- excelKeyRunner -->
        <test-method signature="excelKeyRunner(java.lang.String,java.lang.String,java.lang.String,java.lang.String)[pri:0, instance:se6.KeyRunner@3c130745]" started-at="2021-09-16T16:36:44 IST" name="excelKeyRunner" data-provider="dp" finished-at="2021-09-16T16:36:44 IST" duration-ms="1" status="PASS">
          <params>
            <param index="0">
              <value>
                <![CDATA[selectFromDropDown]]>
              </value>
            </param>
            <param index="1">
              <value>
                <![CDATA[name]]>
              </value>
            </param>
            <param index="2">
              <value>
                <![CDATA[fromPort]]>
              </value>
            </param>
            <param index="3">
              <value>
                <![CDATA[Boston]]>
              </value>
            </param>
          </params>
          <reporter-output>
          </reporter-output>
        </test-method> <!-- excelKeyRunner -->
        <test-method signature="excelKeyRunner(java.lang.String,java.lang.String,java.lang.String,java.lang.String)[pri:0, instance:se6.KeyRunner@3c130745]" started-at="2021-09-16T16:36:44 IST" name="excelKeyRunner" data-provider="dp" finished-at="2021-09-16T16:36:44 IST" duration-ms="1" status="PASS">
          <params>
            <param index="0">
              <value>
                <![CDATA[selectToDropDown]]>
              </value>
            </param>
            <param index="1">
              <value>
                <![CDATA[name]]>
              </value>
            </param>
            <param index="2">
              <value>
                <![CDATA[toPort]]>
              </value>
            </param>
            <param index="3">
              <value>
                <![CDATA[London]]>
              </value>
            </param>
          </params>
          <reporter-output>
          </reporter-output>
        </test-method> <!-- excelKeyRunner -->
        <test-method signature="excelKeyRunner(java.lang.String,java.lang.String,java.lang.String,java.lang.String)[pri:0, instance:se6.KeyRunner@3c130745]" started-at="2021-09-16T16:36:44 IST" name="excelKeyRunner" data-provider="dp" finished-at="2021-09-16T16:36:44 IST" duration-ms="1" status="PASS">
          <params>
            <param index="0">
              <value>
                <![CDATA[click]]>
              </value>
            </param>
            <param index="1">
              <value>
                <![CDATA[css]]>
              </value>
            </param>
            <param index="2">
              <value>
                <![CDATA[input[value='Find Flights']]]>
              </value>
            </param>
            <param index="3">
              <value>
                <![CDATA[NA]]>
              </value>
            </param>
          </params>
          <reporter-output>
          </reporter-output>
        </test-method> <!-- excelKeyRunner -->
        <test-method signature="excelKeyRunner(java.lang.String,java.lang.String,java.lang.String,java.lang.String)[pri:0, instance:se6.KeyRunner@3c130745]" started-at="2021-09-16T16:36:44 IST" name="excelKeyRunner" data-provider="dp" finished-at="2021-09-16T16:36:44 IST" duration-ms="1" status="PASS">
          <params>
            <param index="0">
              <value>
                <![CDATA[getSnap]]>
              </value>
            </param>
            <param index="1">
              <value>
                <![CDATA[NA]]>
              </value>
            </param>
            <param index="2">
              <value>
                <![CDATA[NA]]>
              </value>
            </param>
            <param index="3">
              <value>
                <![CDATA[.//flights.png]]>
              </value>
            </param>
          </params>
          <reporter-output>
          </reporter-output>
        </test-method> <!-- excelKeyRunner -->
        <test-method signature="excelKeyRunner(java.lang.String,java.lang.String,java.lang.String,java.lang.String)[pri:0, instance:se6.KeyRunner@3c130745]" started-at="2021-09-16T16:36:44 IST" name="excelKeyRunner" data-provider="dp" finished-at="2021-09-16T16:36:44 IST" duration-ms="1" status="PASS">
          <params>
            <param index="0">
              <value>
                <![CDATA[closeBrowser]]>
              </value>
            </param>
            <param index="1">
              <value>
                <![CDATA[NA]]>
              </value>
            </param>
            <param index="2">
              <value>
                <![CDATA[NA]]>
              </value>
            </param>
            <param index="3">
              <value>
                <![CDATA[NA]]>
              </value>
            </param>
          </params>
          <reporter-output>
          </reporter-output>
        </test-method> <!-- excelKeyRunner -->
        <test-method is-config="true" signature="afterTest()[pri:0, instance:se6.KeyRunner@3c130745]" started-at="2021-09-16T16:36:44 IST" name="afterTest" finished-at="2021-09-16T16:36:47 IST" duration-ms="2725" status="PASS">
          <reporter-output>
          </reporter-output>
        </test-method> <!-- afterTest -->
      </class> <!-- se6.KeyRunner -->
    </test> <!-- Default test -->
  </suite> <!-- Default suite -->
</testng-results>
